1523188951.397587 server started, pid 3218
1523188951.397890 continuing cmdq 0x55ce74c095c0: flags=0, client=-1
1523188951.397918 cmdq 0x55ce74c095c0: bind-key C-b send-prefix
1523188951.397954 continuing cmdq 0x55ce74c095c0: flags=0, client=-1
1523188951.397969 cmdq 0x55ce74c095c0: bind-key C-o rotate-window
1523188951.397994 continuing cmdq 0x55ce74c095c0: flags=0, client=-1
1523188951.398007 cmdq 0x55ce74c095c0: bind-key C-z suspend-client
1523188951.398034 continuing cmdq 0x55ce74c095c0: flags=0, client=-1
1523188951.398047 cmdq 0x55ce74c095c0: bind-key Space next-layout
1523188951.398081 continuing cmdq 0x55ce74c095c0: flags=0, client=-1
1523188951.398095 cmdq 0x55ce74c095c0: bind-key ! break-pane
1523188951.398116 continuing cmdq 0x55ce74c095c0: flags=0, client=-1
1523188951.398129 cmdq 0x55ce74c095c0: bind-key " split-window
1523188951.398153 continuing cmdq 0x55ce74c095c0: flags=0, client=-1
1523188951.398165 cmdq 0x55ce74c095c0: bind-key # list-buffers
1523188951.398196 continuing cmdq 0x55ce74c095c0: flags=0, client=-1
1523188951.398214 cmdq 0x55ce74c095c0: bind-key $ command-prompt -I#S "rename-session '%%'"
1523188951.398239 continuing cmdq 0x55ce74c095c0: flags=0, client=-1
1523188951.398253 cmdq 0x55ce74c095c0: bind-key % split-window -h
1523188951.398283 continuing cmdq 0x55ce74c095c0: flags=0, client=-1
1523188951.398300 cmdq 0x55ce74c095c0: bind-key & confirm-before "-pkill-window #W? (y/n)" kill-window
1523188951.398328 continuing cmdq 0x55ce74c095c0: flags=0, client=-1
1523188951.398344 cmdq 0x55ce74c095c0: bind-key ' command-prompt -pindex "select-window -t ':%%'"
1523188951.398367 continuing cmdq 0x55ce74c095c0: flags=0, client=-1
1523188951.398381 cmdq 0x55ce74c095c0: bind-key ( switch-client -p
1523188951.398406 continuing cmdq 0x55ce74c095c0: flags=0, client=-1
1523188951.398420 cmdq 0x55ce74c095c0: bind-key ) switch-client -n
1523188951.398448 continuing cmdq 0x55ce74c095c0: flags=0, client=-1
1523188951.398464 cmdq 0x55ce74c095c0: bind-key , command-prompt -I#W "rename-window '%%'"
1523188951.398485 continuing cmdq 0x55ce74c095c0: flags=0, client=-1
1523188951.398497 cmdq 0x55ce74c095c0: bind-key - delete-buffer
1523188951.398520 continuing cmdq 0x55ce74c095c0: flags=0, client=-1
1523188951.398535 cmdq 0x55ce74c095c0: bind-key . command-prompt "move-window -t '%%'"
1523188951.398556 continuing cmdq 0x55ce74c095c0: flags=0, client=-1
1523188951.398570 cmdq 0x55ce74c095c0: bind-key 0 select-window -t:=0
1523188951.398595 continuing cmdq 0x55ce74c095c0: flags=0, client=-1
1523188951.398609 cmdq 0x55ce74c095c0: bind-key 1 select-window -t:=1
1523188951.398633 continuing cmdq 0x55ce74c095c0: flags=0, client=-1
1523188951.398646 cmdq 0x55ce74c095c0: bind-key 2 select-window -t:=2
1523188951.398670 continuing cmdq 0x55ce74c095c0: flags=0, client=-1
1523188951.398683 cmdq 0x55ce74c095c0: bind-key 3 select-window -t:=3
1523188951.398711 continuing cmdq 0x55ce74c095c0: flags=0, client=-1
1523188951.398726 cmdq 0x55ce74c095c0: bind-key 4 select-window -t:=4
1523188951.398749 continuing cmdq 0x55ce74c095c0: flags=0, client=-1
1523188951.398763 cmdq 0x55ce74c095c0: bind-key 5 select-window -t:=5
1523188951.398786 continuing cmdq 0x55ce74c095c0: flags=0, client=-1
1523188951.398799 cmdq 0x55ce74c095c0: bind-key 6 select-window -t:=6
1523188951.398823 continuing cmdq 0x55ce74c095c0: flags=0, client=-1
1523188951.398837 cmdq 0x55ce74c095c0: bind-key 7 select-window -t:=7
1523188951.398871 continuing cmdq 0x55ce74c095c0: flags=0, client=-1
1523188951.398879 cmdq 0x55ce74c095c0: bind-key 8 select-window -t:=8
1523188951.398907 continuing cmdq 0x55ce74c095c0: flags=0, client=-1
1523188951.398922 cmdq 0x55ce74c095c0: bind-key 9 select-window -t:=9
1523188951.398944 continuing cmdq 0x55ce74c095c0: flags=0, client=-1
1523188951.398957 cmdq 0x55ce74c095c0: bind-key : command-prompt
1523188951.398976 continuing cmdq 0x55ce74c095c0: flags=0, client=-1
1523188951.398989 cmdq 0x55ce74c095c0: bind-key ; last-pane
1523188951.399009 continuing cmdq 0x55ce74c095c0: flags=0, client=-1
1523188951.399022 cmdq 0x55ce74c095c0: bind-key = choose-buffer
1523188951.399054 continuing cmdq 0x55ce74c095c0: flags=0, client=-1
1523188951.399068 cmdq 0x55ce74c095c0: bind-key ? list-keys
1523188951.399087 continuing cmdq 0x55ce74c095c0: flags=0, client=-1
1523188951.399100 cmdq 0x55ce74c095c0: bind-key D choose-client
1523188951.399120 continuing cmdq 0x55ce74c095c0: flags=0, client=-1
1523188951.399133 cmdq 0x55ce74c095c0: bind-key L switch-client -l
1523188951.399158 continuing cmdq 0x55ce74c095c0: flags=0, client=-1
1523188951.399172 cmdq 0x55ce74c095c0: bind-key M select-pane -M
1523188951.399194 continuing cmdq 0x55ce74c095c0: flags=0, client=-1
1523188951.399206 cmdq 0x55ce74c095c0: bind-key [ copy-mode
1523188951.399224 continuing cmdq 0x55ce74c095c0: flags=0, client=-1
1523188951.399237 cmdq 0x55ce74c095c0: bind-key ] paste-buffer
1523188951.399257 continuing cmdq 0x55ce74c095c0: flags=0, client=-1
1523188951.399270 cmdq 0x55ce74c095c0: bind-key c new-window
1523188951.399295 continuing cmdq 0x55ce74c095c0: flags=0, client=-1
1523188951.399308 cmdq 0x55ce74c095c0: bind-key d detach-client
1523188951.399329 continuing cmdq 0x55ce74c095c0: flags=0, client=-1
1523188951.399343 cmdq 0x55ce74c095c0: bind-key f command-prompt "find-window '%%'"
1523188951.399362 continuing cmdq 0x55ce74c095c0: flags=0, client=-1
1523188951.399374 cmdq 0x55ce74c095c0: bind-key i display-message
1523188951.399392 continuing cmdq 0x55ce74c095c0: flags=0, client=-1
1523188951.399404 cmdq 0x55ce74c095c0: bind-key l last-window
1523188951.399423 continuing cmdq 0x55ce74c095c0: flags=0, client=-1
1523188951.399436 cmdq 0x55ce74c095c0: bind-key m select-pane -m
1523188951.399456 continuing cmdq 0x55ce74c095c0: flags=0, client=-1
1523188951.399468 cmdq 0x55ce74c095c0: bind-key n next-window
1523188951.399488 continuing cmdq 0x55ce74c095c0: flags=0, client=-1
1523188951.399501 cmdq 0x55ce74c095c0: bind-key o select-pane -t:.+
1523188951.399522 continuing cmdq 0x55ce74c095c0: flags=0, client=-1
1523188951.399534 cmdq 0x55ce74c095c0: bind-key p previous-window
1523188951.399553 continuing cmdq 0x55ce74c095c0: flags=0, client=-1
1523188951.399565 cmdq 0x55ce74c095c0: bind-key q display-panes
1523188951.399583 continuing cmdq 0x55ce74c095c0: flags=0, client=-1
1523188951.399595 cmdq 0x55ce74c095c0: bind-key r refresh-client
1523188951.399614 continuing cmdq 0x55ce74c095c0: flags=0, client=-1
1523188951.399626 cmdq 0x55ce74c095c0: bind-key s choose-tree
1523188951.399647 continuing cmdq 0x55ce74c095c0: flags=0, client=-1
1523188951.399659 cmdq 0x55ce74c095c0: bind-key t clock-mode
1523188951.399677 continuing cmdq 0x55ce74c095c0: flags=0, client=-1
1523188951.399689 cmdq 0x55ce74c095c0: bind-key w choose-window
1523188951.399710 continuing cmdq 0x55ce74c095c0: flags=0, client=-1
1523188951.399726 cmdq 0x55ce74c095c0: bind-key x confirm-before "-pkill-pane #P? (y/n)" kill-pane
1523188951.399746 continuing cmdq 0x55ce74c095c0: flags=0, client=-1
1523188951.399758 cmdq 0x55ce74c095c0: bind-key z resize-pane -Z
1523188951.399779 continuing cmdq 0x55ce74c095c0: flags=0, client=-1
1523188951.399792 cmdq 0x55ce74c095c0: bind-key { swap-pane -U
1523188951.399813 continuing cmdq 0x55ce74c095c0: flags=0, client=-1
1523188951.399826 cmdq 0x55ce74c095c0: bind-key } swap-pane -D
1523188951.399847 continuing cmdq 0x55ce74c095c0: flags=0, client=-1
1523188951.399860 cmdq 0x55ce74c095c0: bind-key ~ show-messages
1523188951.399881 continuing cmdq 0x55ce74c095c0: flags=0, client=-1
1523188951.399894 cmdq 0x55ce74c095c0: bind-key PPage copy-mode -u
1523188951.399916 continuing cmdq 0x55ce74c095c0: flags=0, client=-1
1523188951.399929 cmdq 0x55ce74c095c0: bind-key -r Up select-pane -U
1523188951.399955 continuing cmdq 0x55ce74c095c0: flags=0, client=-1
1523188951.399968 cmdq 0x55ce74c095c0: bind-key -r Down select-pane -D
1523188951.400010 continuing cmdq 0x55ce74c095c0: flags=0, client=-1
1523188951.400018 cmdq 0x55ce74c095c0: bind-key -r Left select-pane -L
1523188951.400054 continuing cmdq 0x55ce74c095c0: flags=0, client=-1
1523188951.400069 cmdq 0x55ce74c095c0: bind-key -r Right select-pane -R
1523188951.400094 continuing cmdq 0x55ce74c095c0: flags=0, client=-1
1523188951.400118 cmdq 0x55ce74c095c0: bind-key M-1 select-layout even-horizontal
1523188951.400142 continuing cmdq 0x55ce74c095c0: flags=0, client=-1
1523188951.400156 cmdq 0x55ce74c095c0: bind-key M-2 select-layout even-vertical
1523188951.400178 continuing cmdq 0x55ce74c095c0: flags=0, client=-1
1523188951.400191 cmdq 0x55ce74c095c0: bind-key M-3 select-layout main-horizontal
1523188951.400213 continuing cmdq 0x55ce74c095c0: flags=0, client=-1
1523188951.400235 cmdq 0x55ce74c095c0: bind-key M-4 select-layout main-vertical
1523188951.400249 continuing cmdq 0x55ce74c095c0: flags=0, client=-1
1523188951.400256 cmdq 0x55ce74c095c0: bind-key M-5 select-layout tiled
1523188951.400281 continuing cmdq 0x55ce74c095c0: flags=0, client=-1
1523188951.400295 cmdq 0x55ce74c095c0: bind-key M-n next-window -a
1523188951.400316 continuing cmdq 0x55ce74c095c0: flags=0, client=-1
1523188951.400329 cmdq 0x55ce74c095c0: bind-key M-o rotate-window -D
1523188951.400350 continuing cmdq 0x55ce74c095c0: flags=0, client=-1
1523188951.400367 cmdq 0x55ce74c095c0: bind-key M-p previous-window -a
1523188951.400391 continuing cmdq 0x55ce74c095c0: flags=0, client=-1
1523188951.400406 cmdq 0x55ce74c095c0: bind-key -r M-Up resize-pane -U 5
1523188951.400432 continuing cmdq 0x55ce74c095c0: flags=0, client=-1
1523188951.400447 cmdq 0x55ce74c095c0: bind-key -r M-Down resize-pane -D 5
1523188951.400473 continuing cmdq 0x55ce74c095c0: flags=0, client=-1
1523188951.400487 cmdq 0x55ce74c095c0: bind-key -r M-Left resize-pane -L 5
1523188951.400512 continuing cmdq 0x55ce74c095c0: flags=0, client=-1
1523188951.400526 cmdq 0x55ce74c095c0: bind-key -r M-Right resize-pane -R 5
1523188951.400550 continuing cmdq 0x55ce74c095c0: flags=0, client=-1
1523188951.400563 cmdq 0x55ce74c095c0: bind-key -r C-Up resize-pane -U
1523188951.400587 continuing cmdq 0x55ce74c095c0: flags=0, client=-1
1523188951.400600 cmdq 0x55ce74c095c0: bind-key -r C-Down resize-pane -D
1523188951.400623 continuing cmdq 0x55ce74c095c0: flags=0, client=-1
1523188951.400636 cmdq 0x55ce74c095c0: bind-key -r C-Left resize-pane -L
1523188951.400660 continuing cmdq 0x55ce74c095c0: flags=0, client=-1
1523188951.400673 cmdq 0x55ce74c095c0: bind-key -r C-Right resize-pane -R
1523188951.400704 continuing cmdq 0x55ce74c095c0: flags=0, client=-1
1523188951.400720 cmdq 0x55ce74c095c0: bind-key -n MouseDown1Pane select-pane -t=; send-keys -M
1523188951.400789 continuing cmdq 0x55ce74c095c0: flags=0, client=-1
1523188951.400822 cmdq 0x55ce74c095c0: bind-key -n MouseDrag1Border resize-pane -M
1523188951.400852 continuing cmdq 0x55ce74c095c0: flags=0, client=-1
1523188951.400866 cmdq 0x55ce74c095c0: bind-key -n MouseDown1Status select-window -t=
1523188951.400892 continuing cmdq 0x55ce74c095c0: flags=0, client=-1
1523188951.400905 cmdq 0x55ce74c095c0: bind-key -n WheelDownStatus next-window
1523188951.400930 continuing cmdq 0x55ce74c095c0: flags=0, client=-1
1523188951.400943 cmdq 0x55ce74c095c0: bind-key -n WheelUpStatus previous-window
1523188951.400977 continuing cmdq 0x55ce74c095c0: flags=0, client=-1
1523188951.400999 cmdq 0x55ce74c095c0: bind-key -n MouseDrag1Pane if -Ft= #{mouse_any_flag} "if -Ft= "#{pane_in_mode}" "copy-mode -M" "send-keys -M"" "copy-mode -M"
1523188951.401034 continuing cmdq 0x55ce74c095c0: flags=0, client=-1
1523188951.401053 cmdq 0x55ce74c095c0: bind-key -n MouseDown3Pane if-shell -Ft= #{mouse_any_flag} "select-pane -t=; send-keys -M" "select-pane -mt="
1523188951.401089 continuing cmdq 0x55ce74c095c0: flags=0, client=-1
1523188951.401109 cmdq 0x55ce74c095c0: bind-key -n WheelUpPane if-shell -Ft= #{mouse_any_flag} "send-keys -M" "if -Ft= "#{pane_in_mode}" "send-keys -M" "copy-mode -et=""
1523188951.401516 socket path /tmp/tmux-1000/default
1523188951.401713 new client 7
1523188951.401835 continuing cmdq 0x55ce74c0de30: flags=0, client=-1
1523188951.401850 unref client 7 (2 references)
1523188951.401885 event dispatch enter
1523188951.401961 got 100 from client 7
1523188951.401974 got 101 from client 7
1523188951.401985 got 102 from client 7
1523188951.402008 got 103 from client 7
1523188951.402020 event dispatch exit
1523188951.402031 event dispatch enter
1523188951.402074 got 104 from client 7
1523188951.402087 event dispatch exit
1523188951.402097 event dispatch enter
1523188951.402138 got 107 from client 7
1523188951.402151 got 105 from client 7
1523188951.402163 got 105 from client 7
1523188951.402174 got 105 from client 7
1523188951.402187 got 105 from client 7
1523188951.402198 got 105 from client 7
1523188951.402208 got 105 from client 7
1523188951.402220 got 105 from client 7
1523188951.402231 got 105 from client 7
1523188951.402242 got 105 from client 7
1523188951.402252 got 105 from client 7
1523188951.402263 got 105 from client 7
1523188951.402274 got 105 from client 7
1523188951.402285 got 105 from client 7
1523188951.402297 got 105 from client 7
1523188951.402307 got 105 from client 7
1523188951.402318 got 105 from client 7
1523188951.402328 got 105 from client 7
1523188951.402339 got 105 from client 7
1523188951.402349 got 105 from client 7
1523188951.402368 got 105 from client 7
1523188951.402379 got 105 from client 7
1523188951.402390 got 105 from client 7
1523188951.402401 got 105 from client 7
1523188951.402411 got 105 from client 7
1523188951.402422 got 105 from client 7
1523188951.402432 got 105 from client 7
1523188951.402443 got 105 from client 7
1523188951.402454 got 105 from client 7
1523188951.402464 got 105 from client 7
1523188951.402475 got 105 from client 7
1523188951.402486 got 105 from client 7
1523188951.402496 got 105 from client 7
1523188951.402506 got 105 from client 7
1523188951.402518 got 105 from client 7
1523188951.402528 got 105 from client 7
1523188951.402539 got 105 from client 7
1523188951.402549 got 105 from client 7
1523188951.402560 got 105 from client 7
1523188951.402571 got 105 from client 7
1523188951.402582 got 105 from client 7
1523188951.402593 got 105 from client 7
1523188951.402603 got 105 from client 7
1523188951.402614 got 105 from client 7
1523188951.402624 got 105 from client 7
1523188951.402635 got 105 from client 7
1523188951.402646 got 105 from client 7
1523188951.402656 got 105 from client 7
1523188951.402666 got 105 from client 7
1523188951.402677 got 105 from client 7
1523188951.402688 got 105 from client 7
1523188951.402698 got 105 from client 7
1523188951.402709 got 105 from client 7
1523188951.402720 got 105 from client 7
1523188951.402732 got 105 from client 7
1523188951.402743 got 105 from client 7
1523188951.402753 got 105 from client 7
1523188951.402764 got 105 from client 7
1523188951.402775 got 105 from client 7
1523188951.402785 got 105 from client 7
1523188951.402796 got 105 from client 7
1523188951.402812 got 105 from client 7
1523188951.402824 got 105 from client 7
1523188951.402835 got 105 from client 7
1523188951.402846 got 105 from client 7
1523188951.402856 got 105 from client 7
1523188951.402867 got 105 from client 7
1523188951.402877 got 105 from client 7
1523188951.402888 got 105 from client 7
1523188951.402899 got 105 from client 7
1523188951.402910 got 105 from client 7
1523188951.402921 got 105 from client 7
1523188951.402932 got 105 from client 7
1523188951.402943 got 105 from client 7
1523188951.402953 got 105 from client 7
1523188951.402963 got 105 from client 7
1523188951.402974 got 105 from client 7
1523188951.402984 got 105 from client 7
1523188951.402994 got 105 from client 7
1523188951.403006 got 105 from client 7
1523188951.403029 got 105 from client 7
1523188951.403041 got 105 from client 7
1523188951.403051 got 106 from client 7
1523188951.403114 got 200 from client 7
1523188951.403140 continuing cmdq 0x55ce74c0f100: flags=0, client=7
1523188951.403153 cmdq 0x55ce74c0f100: new-session
1523188951.403180 new term: xterm-256color
1523188951.403600 xterm-256color override: XT 
1523188951.403622 xterm-256color override: Ms \033]52;%p1%s;%p2%s\a
1523188951.403637 xterm-256color override: Cs \033]12;%p1%s\a
1523188951.403650 xterm-256color override: Cr \033]112\a
1523188951.403663 xterm-256color override: Ss \033[%p1%d q
1523188951.403675 xterm-256color override: Se \033[2 q
1523188951.403751 new key \033Oo: 0x103c (KP/)
1523188951.403766 new key \033Oj: 0x103d (KP*)
1523188951.403777 new key \033Om: 0x103e (KP-)
1523188951.403786 new key \033Ow: 0x103f (KP7)
1523188951.403796 new key \033Ox: 0x1040 (KP8)
1523188951.403805 new key \033Oy: 0x1041 (KP9)
1523188951.403814 new key \033Ok: 0x1042 (KP+)
1523188951.403823 new key \033Ot: 0x1043 (KP4)
1523188951.403832 new key \033Ou: 0x1044 (KP5)
1523188951.403841 new key \033Ov: 0x1045 (KP6)
1523188951.403850 new key \033Oq: 0x1046 (KP1)
1523188951.403859 new key \033Or: 0x1047 (KP2)
1523188951.403868 new key \033Os: 0x1048 (KP3)
1523188951.403878 new key \033OM: 0x1049 (KPEnter)
1523188951.403888 new key \033Op: 0x104a (KP0)
1523188951.403897 new key \033On: 0x104b (KP.)
1523188951.403906 new key \033OA: 0x1038 (Up)
1523188951.403916 new key \033OB: 0x1039 (Down)
1523188951.403925 new key \033OC: 0x103b (Right)
1523188951.403935 new key \033OD: 0x103a (Left)
1523188951.403944 new key \033[A: 0x1038 (Up)
1523188951.403953 new key \033[B: 0x1039 (Down)
1523188951.403963 new key \033[C: 0x103b (Right)
1523188951.403972 new key \033[D: 0x103a (Left)
1523188951.403981 new key \033OH: 0x1033 (Home)
1523188951.403990 new key \033OF: 0x1034 (End)
1523188951.403999 new key \033[H: 0x1033 (Home)
1523188951.404008 new key \033[F: 0x1034 (End)
1523188951.404018 new key \033Oa: 0x5038 (C-Up)
1523188951.404027 new key \033Ob: 0x5039 (C-Down)
1523188951.404037 new key \033Oc: 0x503b (C-Right)
1523188951.404047 new key \033Od: 0x503a (C-Left)
1523188951.404056 new key \033[a: 0x9038 (S-Up)
1523188951.404065 new key \033[b: 0x9039 (S-Down)
1523188951.404075 new key \033[c: 0x903b (S-Right)
1523188951.404084 new key \033[d: 0x903a (S-Left)
1523188951.404094 new key \033[11^: 0x5025 (C-F1)
1523188951.404104 new key \033[12^: 0x5026 (C-F2)
1523188951.404114 new key \033[13^: 0x5027 (C-F3)
1523188951.404123 new key \033[14^: 0x5028 (C-F4)
1523188951.404133 new key \033[15^: 0x5029 (C-F5)
1523188951.404142 new key \033[17^: 0x502a (C-F6)
1523188951.404152 new key \033[18^: 0x502b (C-F7)
1523188951.404171 new key \033[19^: 0x502c (C-F8)
1523188951.404177 new key \033[20^: 0x502d (C-F9)
1523188951.404182 new key \033[21^: 0x502e (C-F10)
1523188951.404187 new key \033[23^: 0x502f (C-F11)
1523188951.404193 new key \033[24^: 0x5030 (C-F12)
1523188951.404198 new key \033[2^: 0x5031 (C-IC)
1523188951.404206 new key \033[3^: 0x5032 (C-DC)
1523188951.404212 new key \033[7^: 0x5033 (C-Home)
1523188951.404217 new key \033[8^: 0x5034 (C-End)
1523188951.404223 new key \033[6^: 0x5035 (C-NPage)
1523188951.404228 new key \033[5^: 0x5036 (C-PPage)
1523188951.404234 new key \033[11$: 0x9025 (S-F1)
1523188951.404239 new key \033[12$: 0x9026 (S-F2)
1523188951.404244 new key \033[13$: 0x9027 (S-F3)
1523188951.404249 new key \033[14$: 0x9028 (S-F4)
1523188951.404254 new key \033[15$: 0x9029 (S-F5)
1523188951.404270 new key \033[17$: 0x902a (S-F6)
1523188951.404281 new key \033[18$: 0x902b (S-F7)
1523188951.404291 new key \033[19$: 0x902c (S-F8)
1523188951.404300 new key \033[20$: 0x902d (S-F9)
1523188951.404309 new key \033[21$: 0x902e (S-F10)
1523188951.404319 new key \033[23$: 0x902f (S-F11)
1523188951.404328 new key \033[24$: 0x9030 (S-F12)
1523188951.404337 new key \033[2$: 0x9031 (S-IC)
1523188951.404347 new key \033[3$: 0x9032 (S-DC)
1523188951.404356 new key \033[7$: 0x9033 (S-Home)
1523188951.404366 new key \033[8$: 0x9034 (S-End)
1523188951.404375 new key \033[6$: 0x9035 (S-NPage)
1523188951.404384 new key \033[5$: 0x9036 (S-PPage)
1523188951.404395 new key \033[11@: 0xd025 (C-S-F1)
1523188951.404404 new key \033[12@: 0xd026 (C-S-F2)
1523188951.404413 new key \033[13@: 0xd027 (C-S-F3)
1523188951.404423 new key \033[14@: 0xd028 (C-S-F4)
1523188951.404432 new key \033[15@: 0xd029 (C-S-F5)
1523188951.404441 new key \033[17@: 0xd02a (C-S-F6)
1523188951.404455 new key \033[18@: 0xd02b (C-S-F7)
1523188951.404465 new key \033[19@: 0xd02c (C-S-F8)
1523188951.404475 new key \033[20@: 0xd02d (C-S-F9)
1523188951.404485 new key \033[21@: 0xd02e (C-S-F10)
1523188951.404494 new key \033[23@: 0xd02f (C-S-F11)
1523188951.404513 new key \033[24@: 0xd030 (C-S-F12)
1523188951.404524 new key \033[2@: 0xd031 (C-S-IC)
1523188951.404533 new key \033[3@: 0xd032 (C-S-DC)
1523188951.404543 new key \033[7@: 0xd033 (C-S-Home)
1523188951.404553 new key \033[8@: 0xd034 (C-S-End)
1523188951.404562 new key \033[6@: 0xd035 (C-S-NPage)
1523188951.404572 new key \033[5@: 0xd036 (C-S-PPage)
1523188951.404582 new key \033[I: 0x1000 ((null))
1523188951.404592 new key \033[O: 0x1001 ((null))
1523188951.404601 new key \033OP: 0x1025 (F1)
1523188951.404611 new key \033OQ: 0x1026 (F2)
1523188951.404620 new key \033OR: 0x1027 (F3)
1523188951.404629 new key \033OS: 0x1028 (F4)
1523188951.404639 new key \033[15~: 0x1029 (F5)
1523188951.404648 new key \033[17~: 0x102a (F6)
1523188951.404658 new key \033[18~: 0x102b (F7)
1523188951.404667 new key \033[19~: 0x102c (F8)
1523188951.404676 new key \033[20~: 0x102d (F9)
1523188951.404685 new key \033[21~: 0x102e (F10)
1523188951.404695 new key \033[23~: 0x102f (F11)
1523188951.404704 new key \033[24~: 0x1030 (F12)
1523188951.404714 new key \033[1;2P: 0x9025 (S-F1)
1523188951.404724 new key \033[1;2Q: 0x9026 (S-F2)
1523188951.404733 new key \033[1;2R: 0x9027 (S-F3)
1523188951.404776 new key \033[1;2S: 0x9028 (S-F4)
1523188951.404792 new key \033[15;2~: 0x9029 (S-F5)
1523188951.404805 new key \033[17;2~: 0x902a (S-F6)
1523188951.404812 new key \033[18;2~: 0x902b (S-F7)
1523188951.404819 new key \033[19;2~: 0x902c (S-F8)
1523188951.404826 new key \033[20;2~: 0x902d (S-F9)
1523188951.404834 new key \033[21;2~: 0x902e (S-F10)
1523188951.404841 new key \033[23;2~: 0x902f (S-F11)
1523188951.404848 new key \033[24;2~: 0x9030 (S-F12)
1523188951.404855 new key \033[1;5P: 0x5025 (C-F1)
1523188951.404862 new key \033[1;5Q: 0x5026 (C-F2)
1523188951.404869 new key \033[1;5R: 0x5027 (C-F3)
1523188951.404876 new key \033[1;5S: 0x5028 (C-F4)
1523188951.404883 new key \033[15;5~: 0x5029 (C-F5)
1523188951.404890 new key \033[17;5~: 0x502a (C-F6)
1523188951.404897 new key \033[18;5~: 0x502b (C-F7)
1523188951.404904 new key \033[19;5~: 0x502c (C-F8)
1523188951.404911 new key \033[20;5~: 0x502d (C-F9)
1523188951.404917 new key \033[21;5~: 0x502e (C-F10)
1523188951.404924 new key \033[23;5~: 0x502f (C-F11)
1523188951.404931 new key \033[24;5~: 0x5030 (C-F12)
1523188951.404938 new key \033[1;6P: 0xd025 (C-S-F1)
1523188951.404948 new key \033[1;6Q: 0xd026 (C-S-F2)
1523188951.404956 new key \033[1;6R: 0xd027 (C-S-F3)
1523188951.404963 new key \033[1;6S: 0xd028 (C-S-F4)
1523188951.404970 new key \033[15;6~: 0xd029 (C-S-F5)
1523188951.404978 new key \033[17;6~: 0xd02a (C-S-F6)
1523188951.404985 new key \033[18;6~: 0xd02b (C-S-F7)
1523188951.404992 new key \033[19;6~: 0xd02c (C-S-F8)
1523188951.404999 new key \033[20;6~: 0xd02d (C-S-F9)
1523188951.405006 new key \033[21;6~: 0xd02e (C-S-F10)
1523188951.405013 new key \033[23;6~: 0xd02f (C-S-F11)
1523188951.405020 new key \033[24;6~: 0xd030 (C-S-F12)
1523188951.405028 new key \033[1;3P: 0x3025 (M-F1)
1523188951.405035 new key \033[1;3Q: 0x3026 (M-F2)
1523188951.405042 new key \033[1;3R: 0x3027 (M-F3)
1523188951.405049 new key \033[1;3S: 0x3028 (M-F4)
1523188951.405055 new key \033[15;3~: 0x3029 (M-F5)
1523188951.405062 new key \033[17;3~: 0x302a (M-F6)
1523188951.405069 new key \033[18;3~: 0x302b (M-F7)
1523188951.405076 new key \033[19;3~: 0x302c (M-F8)
1523188951.405083 new key \033[20;3~: 0x302d (M-F9)
1523188951.405090 new key \033[21;3~: 0x302e (M-F10)
1523188951.405097 new key \033[23;3~: 0x302f (M-F11)
1523188951.405104 new key \033[24;3~: 0x3030 (M-F12)
1523188951.405114 new key \033[1;4P: 0xb025 (M-S-F1)
1523188951.405121 new key \033[1;4Q: 0xb026 (M-S-F2)
1523188951.405129 new key \033[1;4R: 0xb027 (M-S-F3)
1523188951.405136 new key \033[2~: 0x1031 (IC)
1523188951.405142 new key \033[3~: 0x1032 (DC)
1523188951.405150 replacing key \033OH: 0x1033 (Home)
1523188951.405157 replacing key \033OF: 0x1034 (End)
1523188951.405164 new key \033[6~: 0x1035 (NPage)
1523188951.405170 new key \033[5~: 0x1036 (PPage)
1523188951.405177 new key \033[Z: 0x1037 (BTab)
1523188951.405191 replacing key \033OA: 0x1038 (Up)
1523188951.405198 replacing key \033OB: 0x1039 (Down)
1523188951.405205 replacing key \033OD: 0x103a (Left)
1523188951.405212 replacing key \033OC: 0x103b (Right)
1523188951.405219 new key \033[3;2~: 0x9032 (S-DC)
1523188951.405226 new key \033[3;3~: 0x3032 (M-DC)
1523188951.405233 new key \033[3;4~: 0xb032 (M-S-DC)
1523188951.405240 new key \033[3;5~: 0x5032 (C-DC)
1523188951.405247 new key \033[3;6~: 0xd032 (C-S-DC)
1523188951.405254 new key \033[3;7~: 0x7032 (C-M-DC)
1523188951.405261 new key \033[1;2B: 0x9039 (S-Down)
1523188951.405268 new key \033[1;3B: 0x3039 (M-Down)
1523188951.405275 new key \033[1;4B: 0xb039 (M-S-Down)
1523188951.405282 new key \033[1;5B: 0x5039 (C-Down)
1523188951.405289 new key \033[1;6B: 0xd039 (C-S-Down)
1523188951.405296 new key \033[1;7B: 0x7039 (C-M-Down)
1523188951.405303 new key \033[1;2F: 0x9034 (S-End)
1523188951.405310 new key \033[1;3F: 0x3034 (M-End)
1523188951.405317 new key \033[1;4F: 0xb034 (M-S-End)
1523188951.405327 new key \033[1;5F: 0x5034 (C-End)
1523188951.405336 new key \033[1;6F: 0xd034 (C-S-End)
1523188951.405343 new key \033[1;7F: 0x7034 (C-M-End)
1523188951.405350 new key \033[1;2H: 0x9033 (S-Home)
1523188951.405357 new key \033[1;3H: 0x3033 (M-Home)
1523188951.405364 new key \033[1;4H: 0xb033 (M-S-Home)
1523188951.405371 new key \033[1;5H: 0x5033 (C-Home)
1523188951.405378 new key \033[1;6H: 0xd033 (C-S-Home)
1523188951.405385 new key \033[1;7H: 0x7033 (C-M-Home)
1523188951.405392 new key \033[2;2~: 0x9031 (S-IC)
1523188951.405399 new key \033[2;3~: 0x3031 (M-IC)
1523188951.405406 new key \033[2;4~: 0xb031 (M-S-IC)
1523188951.405413 new key \033[2;5~: 0x5031 (C-IC)
1523188951.405420 new key \033[2;6~: 0xd031 (C-S-IC)
1523188951.405427 new key \033[2;7~: 0x7031 (C-M-IC)
1523188951.405434 new key \033[1;2D: 0x903a (S-Left)
1523188951.405441 new key \033[1;3D: 0x303a (M-Left)
1523188951.405448 new key \033[1;4D: 0xb03a (M-S-Left)
1523188951.405455 new key \033[1;5D: 0x503a (C-Left)
1523188951.405462 new key \033[1;6D: 0xd03a (C-S-Left)
1523188951.405469 new key \033[1;7D: 0x703a (C-M-Left)
1523188951.405476 new key \033[6;2~: 0x9035 (S-NPage)
1523188951.405484 new key \033[6;3~: 0x3035 (M-NPage)
1523188951.405491 new key \033[6;4~: 0xb035 (M-S-NPage)
1523188951.405498 new key \033[6;5~: 0x5035 (C-NPage)
1523188951.405508 new key \033[6;6~: 0xd035 (C-S-NPage)
1523188951.405516 new key \033[6;7~: 0x7035 (C-M-NPage)
1523188951.405523 new key \033[5;2~: 0x9036 (S-PPage)
1523188951.405531 new key \033[5;3~: 0x3036 (M-PPage)
1523188951.405538 new key \033[5;4~: 0xb036 (M-S-PPage)
1523188951.405545 new key \033[5;5~: 0x5036 (C-PPage)
1523188951.405552 new key \033[5;6~: 0xd036 (C-S-PPage)
1523188951.405559 new key \033[5;7~: 0x7036 (C-M-PPage)
1523188951.405566 new key \033[1;2C: 0x903b (S-Right)
1523188951.405573 new key \033[1;3C: 0x303b (M-Right)
1523188951.405581 new key \033[1;4C: 0xb03b (M-S-Right)
1523188951.405588 new key \033[1;5C: 0x503b (C-Right)
1523188951.405595 new key \033[1;6C: 0xd03b (C-S-Right)
1523188951.405603 new key \033[1;7C: 0x703b (C-M-Right)
1523188951.405610 new key \033[1;2A: 0x9038 (S-Up)
1523188951.405617 new key \033[1;3A: 0x3038 (M-Up)
1523188951.405624 new key \033[1;4A: 0xb038 (M-S-Up)
1523188951.405631 new key \033[1;5A: 0x5038 (C-Up)
1523188951.405638 new key \033[1;6A: 0xd038 (C-S-Up)
1523188951.405645 new key \033[1;7A: 0x7038 (C-M-Up)
1523188951.405757 @0 alerts flags added 0x2
1523188951.405783 spawn: /usr/bin/zsh -- 
1523188951.701439 @0 alerts timer reset 0
1523188951.701487 session 0 created
1523188951.701505 writing 207 to client 7
1523188951.701533 client 7, status interval 15
1523188951.701599 session 0 has 3 references
1523188951.701616 session 0 has 2 references
1523188951.701628 unref client 7 (2 references)
1523188951.701653 event dispatch exit
1523188951.702018 format '[#S] ' -> '[0] '
1523188951.702270 format ' "#{=21:pane_title}" 19:02 08-Apr-18' -> ' "maulanakmal-K46CB" 19:02 08-Apr-18'
1523188951.702519 format '#{window_flags}' -> '*'
1523188951.702539 format '#I:#W#{?window_flags,#{window_flags}, }' -> '0:zsh*'
1523188951.703051 @0 active pane not changed
1523188951.703065 event dispatch enter
1523188951.703160 event dispatch exit
1523188951.703181 @0 active pane not changed
1523188951.703193 event dispatch enter
1523188951.703452 got 208 from client 7
1523188951.703472 event dispatch exit
1523188951.703485 @0 active pane not changed
1523188951.703493 event dispatch enter
1523188952.744167 %0 has 174 bytes
1523188952.744270 @0 alerts timer reset 0
1523188952.744351 input_parse: %0 ground, 174 bytes: \033[1m\033[3m%\033[23m\033[1m\033[0m                                                                                                                                                     \r \r
1523188952.744431 input_csi_dispatch: 'm' "" "1"
1523188952.744493 input_csi_dispatch: 'm' "" "3"
1523188952.744557 input_csi_dispatch: 'm' "" "23"
1523188952.744580 input_csi_dispatch: 'm' "" "1"
1523188952.744599 input_csi_dispatch: 'm' "" "0"
1523188952.744899 input_c0_dispatch: '\r'
1523188952.744926 input_c0_dispatch: '\r'
1523188952.744941 event dispatch exit
1523188952.744960 @0 active pane changed
1523188952.745155 format '#{pane_current_command}' -> 'zsh'
1523188952.745172 format '' -> ''
1523188952.745185 format '#{?pane_in_mode,[tmux],#{pane_current_command}}#{?pane_dead,[dead],}' -> 'zsh'
1523188952.745209 @0 name not changed (still zsh)
1523188952.745219 event dispatch enter
1523188952.745288 %0 has 19 bytes
1523188952.745307 @0 alerts timer reset 0
1523188952.745328 input_parse: %0 ground, 19 bytes: \033k..es_OOP/models\033\\
1523188952.745345 input_enter_rename
1523188952.745364 input_exit_rename: "..es_OOP/models"
1523188952.745386 input_esc_dispatch: '\\', 
1523188952.745401 input_esc_dispatch: unknown '\\'
1523188952.745419 event dispatch exit
1523188952.745693 format '[#S] ' -> '[0] '
1523188952.745970 format ' "#{=21:pane_title}" 19:02 08-Apr-18' -> ' "maulanakmal-K46CB" 19:02 08-Apr-18'
1523188952.746292 format '#{window_flags}' -> '*'
1523188952.746316 format '#I:#W#{?window_flags,#{window_flags}, }' -> '0:..es_OOP/models*'
1523188952.746516 event dispatch enter
1523188952.746571 event dispatch exit
1523188952.746592 event dispatch enter
1523188952.769593 %0 has 96 bytes
1523188952.769630 @0 alerts timer reset 0
1523188952.769650 input_parse: %0 ground, 96 bytes: \r\033[0m\033[23m\033[24m\033[J\033[01;32m\342\236\234  \033[36mmodels\033[00m \033[01;34mgit:(\033[31mmaster\033[34m) \033[33m\342\234\227\033[00m \033[K
1523188952.769659 input_c0_dispatch: '\r'
1523188952.769673 input_csi_dispatch: 'm' "" "0"
1523188952.769685 input_csi_dispatch: 'm' "" "23"
1523188952.769695 input_csi_dispatch: 'm' "" "24"
1523188952.769704 input_csi_dispatch: 'J' "" ""
1523188952.769760 input_csi_dispatch: 'm' "" "01"
1523188952.769769 input_utf8_open
1523188952.769778 input_utf8_add
1523188952.769785 input_utf8_close
1523188952.769810 input_csi_dispatch: 'm' "" "36"
1523188952.769833 input_csi_dispatch: 'm' "" "00"
1523188952.769846 input_csi_dispatch: 'm' "" "01"
1523188952.769866 input_csi_dispatch: 'm' "" "31"
1523188952.769887 input_csi_dispatch: 'm' "" "34"
1523188952.769903 input_csi_dispatch: 'm' "" "33"
1523188952.769911 input_utf8_open
1523188952.769918 input_utf8_add
1523188952.769925 input_utf8_close
1523188952.769939 input_csi_dispatch: 'm' "" "00"
1523188952.769950 input_csi_dispatch: 'K' "" ""
1523188952.769963 event dispatch exit
1523188952.769978 event dispatch enter
1523188952.770017 %0 has 15 bytes
1523188952.770027 @0 alerts timer reset 0
1523188952.770037 input_parse: %0 ground, 15 bytes: \033[?1h\033=\033[?2004h
1523188952.770048 input_csi_dispatch: 'h' "?" "1"
1523188952.770058 input_esc_dispatch: '=', 
1523188952.770068 input_csi_dispatch: 'h' "?" "2004"
1523188952.770076 event dispatch exit
1523188952.770087 event dispatch enter
1523188952.770107 event dispatch exit
1523188952.770116 event dispatch enter
1523188954.194194 keys are 1 (:)
1523188954.194255 complete key : 0x3a
1523188954.194278 session 0 not pasting
1523188954.194308 writing key 0x3a (:)
1523188954.194334 event dispatch exit
1523188954.194381 event dispatch enter
1523188954.194427 event dispatch exit
1523188954.194443 event dispatch enter
1523188954.194751 %0 has 1 bytes
1523188954.194791 @0 alerts timer reset 0
1523188954.194810 input_parse: %0 ground, 1 bytes: :
1523188954.194857 event dispatch exit
1523188954.194880 event dispatch enter
1523188954.194925 event dispatch exit
1523188954.194941 event dispatch enter
1523188954.645188 keys are 1 (\177)
1523188954.645245 complete key \177 0x1024
1523188954.645268 session 0 not pasting
1523188954.645288 writing key 0x1024 (BSpace)
1523188954.645303 found key 0x1024: "\177"
1523188954.645327 event dispatch exit
1523188954.645347 event dispatch enter
1523188954.645390 event dispatch exit
1523188954.645406 event dispatch enter
1523188954.645656 %0 has 3 bytes
1523188954.645696 @0 alerts timer reset 0
1523188954.645715 input_parse: %0 ground, 3 bytes: \b \b
1523188954.645728 input_c0_dispatch: '\b'
1523188954.645770 input_c0_dispatch: '\b'
1523188954.645786 event dispatch exit
1523188954.645809 event dispatch enter
1523188954.645853 event dispatch exit
1523188954.645869 event dispatch enter
1523188955.404684 keys are 1 (\004)
1523188955.404741 complete key \004 0x4
1523188955.404806 session 0 not pasting
1523188955.404827 writing key 0x4 (C-d)
1523188955.404851 event dispatch exit
1523188955.404871 event dispatch enter
1523188955.404915 event dispatch exit
1523188955.404931 event dispatch enter
1523188955.405184 %0 has 11 bytes
1523188955.405225 @0 alerts timer reset 0
1523188955.405247 input_parse: %0 ground, 11 bytes: \033[?2004l\r\r\n
1523188955.405270 input_csi_dispatch: 'l' "?" "2004"
1523188955.405286 input_c0_dispatch: '\r'
1523188955.405298 input_c0_dispatch: '\r'
1523188955.405309 input_c0_dispatch: '\n'
1523188955.405327 event dispatch exit
1523188955.405358 event dispatch enter
1523188955.405425 event dispatch exit
1523188955.405452 event dispatch enter
1523188955.414839 session 0 has 2 references
1523188955.414889 session 0 destroyed
1523188955.414909 session 0 has 2 references
1523188955.414929 session 0 has 1 references
1523188955.414964 event dispatch exit
1523188955.414979 writing 203 to client 7
1523188955.415002 event dispatch enter
1523188955.415094 session 0 freed (0 references)
1523188955.415194 event dispatch exit
1523188955.415217 event dispatch enter
1523188955.415303 got 205 from client 7
1523188955.415531 writing 204 to client 7
1523188955.415555 event dispatch exit
1523188955.415568 event dispatch enter
1523188955.415609 event dispatch exit
1523188955.415630 event dispatch enter
1523188955.416269 lost client 7
1523188955.416321 unref client 7 (1 references)
1523188955.416347 event dispatch exit
